<?xml version="1.0" encoding="UTF-8"?>
<!-- Generated by org.testng.reporters.JUnitXMLReporter -->
<testsuite ignored="0" hostname="DESKTOP-FLH1TNO" failures="0" tests="3" name="Test" time="0.053" errors="0" timestamp="2021-06-10T12:19:57 IST">
  <testcase classname="qaclickacademy.mavenjava.SeleniumTest" name="sample2" time="0.006"/>
  <testcase classname="qaclickacademy.mavenjava.RestAPITest" name="sample" time="0.001"/>
  <testcase classname="qaclickacademy.mavenjava.AppiumTest" name="sample3" time="0.0"/>
</testsuite> <!-- Test -->
