<?xml version="1.0" encoding="UTF-8"?>
<testng-results ignored="0" total="1" passed="1" failed="0" skipped="0">
  <reporter-output>
  </reporter-output>
  <suite started-at="2021-06-09T18:00:07 IST" name="Default suite" finished-at="2021-06-09T18:00:08 IST" duration-ms="158">
    <groups>
    </groups>
    <test started-at="2021-06-09T18:00:07 IST" name="Default test" finished-at="2021-06-09T18:00:08 IST" duration-ms="158">
      <class name="qaclickacademy.mavenjava.SeleniumTest">
        <test-method signature="sample2()[pri:0, instance:qaclickacademy.mavenjava.SeleniumTest@7205765b]" started-at="2021-06-09T18:00:08 IST" name="sample2" finished-at="2021-06-09T18:00:08 IST" duration-ms="20" status="PASS">
          <reporter-output>
          </reporter-output>
        </test-method> <!-- sample2 -->
      </class> <!-- qaclickacademy.mavenjava.SeleniumTest -->
    </test> <!-- Default test -->
  </suite> <!-- Default suite -->
</testng-results>
